<?xml version="1.0" encoding="UTF-8"?>
<!-- Generated by org.testng.reporters.JUnitReportReporter -->
<testsuite hostname="DESKTOP-H0LBICI" failures="0" tests="1" name="projectscrpit.NewproductTest" time="85.342" errors="0" timestamp="2022-09-16T15:22:56 IST" skipped="0">
  <testcase classname="projectscrpit.NewproductTest" name="main" time="85.342"/>
  <system-out/>
</testsuite> <!-- projectscrpit.NewproductTest -->
