<?xml version="1.0" encoding="UTF-8"?>
<!-- Generated by org.testng.reporters.JUnitReportReporter -->
<testsuite hostname="DESKTOP-H0LBICI" failures="0" tests="1" name="projectscrpit.Newproduct" time="68.172" errors="0" timestamp="2022-09-15T10:41:06 IST" skipped="0">
  <testcase classname="projectscrpit.Newproduct" name="main" time="68.172"/>
  <system-out/>
</testsuite> <!-- projectscrpit.Newproduct -->
