<?xml version="1.0" encoding="UTF-8"?>
<!-- Generated by org.testng.reporters.JUnitReportReporter -->
<testsuite skipped="0" hostname="DESKTOP-H0LBICI" name="projectscrpit.Testngpracticetest" tests="2" failures="0" timestamp="2022-09-20T13:23:46 IST" time="0.012" errors="0">
  <testcase name="scrpittest" time="0.002" classname="projectscrpit.Testngpracticetest"/>
  <system-out/>
  <testcase name="scrpit2test" time="0.010" classname="projectscrpit.Testngpracticetest"/>
  <system-out/>
</testsuite> <!-- projectscrpit.Testngpracticetest -->
