<?xml version="1.0" encoding="UTF-8"?>
<!-- Generated by org.testng.reporters.JUnitReportReporter -->
<testsuite hostname="DESKTOP-H0LBICI" failures="0" tests="1" name="projectscrpit.NewcustomerTest" time="4.212" errors="0" timestamp="2022-09-16T17:49:59 IST" skipped="0">
  <testcase classname="projectscrpit.NewcustomerTest" name="main" time="4.212"/>
  <system-out/>
</testsuite> <!-- projectscrpit.NewcustomerTest -->
