<?xml version="1.0" encoding="UTF-8"?>
<!-- Generated by org.testng.reporters.JUnitReportReporter -->
<testsuite hostname="DESKTOP-H0LBICI" failures="0" tests="2" name="projectscrpit.Testngpracticesuite" time="0.015" errors="0" timestamp="2022-09-09T13:41:09 IST" skipped="0">
  <testcase classname="projectscrpit.Testngpracticesuite" name="maintest" time="0.005"/>
  <system-out/>
  <testcase classname="projectscrpit.Testngpracticesuite" name="main2test" time="0.010"/>
  <system-out/>
</testsuite> <!-- projectscrpit.Testngpracticesuite -->
